Determining if the function crc32c_value exists in the crc32c failed with the following output:
Change Dir: /mnt/c/Users/78102/yRead/leveldb/build/CMakeFiles/CMakeTmp

Run Build Command(s):/usr/bin/gmake cmTC_b7b45/fast && /usr/bin/gmake  -f CMakeFiles/cmTC_b7b45.dir/build.make CMakeFiles/cmTC_b7b45.dir/build
gmake[1]: Entering directory '/mnt/c/Users/78102/yRead/leveldb/build/CMakeFiles/CMakeTmp'
Building C object CMakeFiles/cmTC_b7b45.dir/CheckFunctionExists.c.o
/usr/bin/cc   -DCHECK_FUNCTION_EXISTS=crc32c_value -std=c11 -o CMakeFiles/cmTC_b7b45.dir/CheckFunctionExists.c.o -c /usr/share/cmake-3.18/Modules/CheckFunctionExists.c
Linking C executable cmTC_b7b45
/usr/bin/cmake -E cmake_link_script CMakeFiles/cmTC_b7b45.dir/link.txt --verbose=1
/usr/bin/cc  -DCHECK_FUNCTION_EXISTS=crc32c_value CMakeFiles/cmTC_b7b45.dir/CheckFunctionExists.c.o -o cmTC_b7b45  -lcrc32c 
/usr/bin/ld: cannot find -lcrc32c
collect2: error: ld returned 1 exit status
gmake[1]: *** [CMakeFiles/cmTC_b7b45.dir/build.make:106: cmTC_b7b45] Error 1
gmake[1]: Leaving directory '/mnt/c/Users/78102/yRead/leveldb/build/CMakeFiles/CMakeTmp'
gmake: *** [Makefile:140: cmTC_b7b45/fast] Error 2



Determining if the function snappy_compress exists in the snappy failed with the following output:
Change Dir: /mnt/c/Users/78102/yRead/leveldb/build/CMakeFiles/CMakeTmp

Run Build Command(s):/usr/bin/gmake cmTC_44542/fast && /usr/bin/gmake  -f CMakeFiles/cmTC_44542.dir/build.make CMakeFiles/cmTC_44542.dir/build
gmake[1]: Entering directory '/mnt/c/Users/78102/yRead/leveldb/build/CMakeFiles/CMakeTmp'
Building C object CMakeFiles/cmTC_44542.dir/CheckFunctionExists.c.o
/usr/bin/cc   -DCHECK_FUNCTION_EXISTS=snappy_compress -std=c11 -o CMakeFiles/cmTC_44542.dir/CheckFunctionExists.c.o -c /usr/share/cmake-3.18/Modules/CheckFunctionExists.c
Linking C executable cmTC_44542
/usr/bin/cmake -E cmake_link_script CMakeFiles/cmTC_44542.dir/link.txt --verbose=1
/usr/bin/cc  -DCHECK_FUNCTION_EXISTS=snappy_compress CMakeFiles/cmTC_44542.dir/CheckFunctionExists.c.o -o cmTC_44542  -lsnappy 
/usr/bin/ld: cannot find -lsnappy
collect2: error: ld returned 1 exit status
gmake[1]: *** [CMakeFiles/cmTC_44542.dir/build.make:106: cmTC_44542] Error 1
gmake[1]: Leaving directory '/mnt/c/Users/78102/yRead/leveldb/build/CMakeFiles/CMakeTmp'
gmake: *** [Makefile:140: cmTC_44542/fast] Error 2



Determining if the function malloc exists in the tcmalloc failed with the following output:
Change Dir: /mnt/c/Users/78102/yRead/leveldb/build/CMakeFiles/CMakeTmp

Run Build Command(s):/usr/bin/gmake cmTC_3ee8b/fast && /usr/bin/gmake  -f CMakeFiles/cmTC_3ee8b.dir/build.make CMakeFiles/cmTC_3ee8b.dir/build
gmake[1]: Entering directory '/mnt/c/Users/78102/yRead/leveldb/build/CMakeFiles/CMakeTmp'
Building C object CMakeFiles/cmTC_3ee8b.dir/CheckFunctionExists.c.o
/usr/bin/cc   -DCHECK_FUNCTION_EXISTS=malloc -std=c11 -o CMakeFiles/cmTC_3ee8b.dir/CheckFunctionExists.c.o -c /usr/share/cmake-3.18/Modules/CheckFunctionExists.c
<command-line>: warning: conflicting types for built-in function ‘malloc’; expected ‘void *(long unsigned int)’ [-Wbuiltin-declaration-mismatch]
/usr/share/cmake-3.18/Modules/CheckFunctionExists.c:7:3: note: in expansion of macro ‘CHECK_FUNCTION_EXISTS’
    7 |   CHECK_FUNCTION_EXISTS(void);
      |   ^~~~~~~~~~~~~~~~~~~~~
/usr/share/cmake-3.18/Modules/CheckFunctionExists.c:1:1: note: ‘malloc’ is declared in header ‘<stdlib.h>’
  +++ |+#include <stdlib.h>
    1 | #ifdef CHECK_FUNCTION_EXISTS
Linking C executable cmTC_3ee8b
/usr/bin/cmake -E cmake_link_script CMakeFiles/cmTC_3ee8b.dir/link.txt --verbose=1
/usr/bin/cc  -DCHECK_FUNCTION_EXISTS=malloc CMakeFiles/cmTC_3ee8b.dir/CheckFunctionExists.c.o -o cmTC_3ee8b  -ltcmalloc 
/usr/bin/ld: cannot find -ltcmalloc
collect2: error: ld returned 1 exit status
gmake[1]: *** [CMakeFiles/cmTC_3ee8b.dir/build.make:106: cmTC_3ee8b] Error 1
gmake[1]: Leaving directory '/mnt/c/Users/78102/yRead/leveldb/build/CMakeFiles/CMakeTmp'
gmake: *** [Makefile:140: cmTC_3ee8b/fast] Error 2



Determining if the F_FULLFSYNC exist failed with the following output:
Change Dir: /mnt/c/Users/78102/yRead/leveldb/build/CMakeFiles/CMakeTmp

Run Build Command(s):/usr/bin/gmake cmTC_40777/fast && /usr/bin/gmake  -f CMakeFiles/cmTC_40777.dir/build.make CMakeFiles/cmTC_40777.dir/build
gmake[1]: Entering directory '/mnt/c/Users/78102/yRead/leveldb/build/CMakeFiles/CMakeTmp'
Building CXX object CMakeFiles/cmTC_40777.dir/CheckSymbolExists.cxx.o
/usr/bin/c++   -std=c++11 -o CMakeFiles/cmTC_40777.dir/CheckSymbolExists.cxx.o -c /mnt/c/Users/78102/yRead/leveldb/build/CMakeFiles/CMakeTmp/CheckSymbolExists.cxx
/mnt/c/Users/78102/yRead/leveldb/build/CMakeFiles/CMakeTmp/CheckSymbolExists.cxx: In function ‘int main(int, char**)’:
/mnt/c/Users/78102/yRead/leveldb/build/CMakeFiles/CMakeTmp/CheckSymbolExists.cxx:8:19: error: ‘F_FULLFSYNC’ was not declared in this scope
    8 |   return ((int*)(&F_FULLFSYNC))[argc];
      |                   ^~~~~~~~~~~
gmake[1]: *** [CMakeFiles/cmTC_40777.dir/build.make:85: CMakeFiles/cmTC_40777.dir/CheckSymbolExists.cxx.o] Error 1
gmake[1]: Leaving directory '/mnt/c/Users/78102/yRead/leveldb/build/CMakeFiles/CMakeTmp'
gmake: *** [Makefile:140: cmTC_40777/fast] Error 2


File /mnt/c/Users/78102/yRead/leveldb/build/CMakeFiles/CMakeTmp/CheckSymbolExists.cxx:
/* */
#include <fcntl.h>

int main(int argc, char** argv)
{
  (void)argv;
#ifndef F_FULLFSYNC
  return ((int*)(&F_FULLFSYNC))[argc];
#else
  (void)argc;
  return 0;
#endif
}
Performing C++ SOURCE FILE Test HAVE_CLANG_THREAD_SAFETY failed with the following output:
Change Dir: /mnt/c/Users/78102/yRead/leveldb/build/CMakeFiles/CMakeTmp

Run Build Command(s):/usr/bin/gmake cmTC_a674f/fast && /usr/bin/gmake  -f CMakeFiles/cmTC_a674f.dir/build.make CMakeFiles/cmTC_a674f.dir/build
gmake[1]: Entering directory '/mnt/c/Users/78102/yRead/leveldb/build/CMakeFiles/CMakeTmp'
Building CXX object CMakeFiles/cmTC_a674f.dir/src.cxx.o
/usr/bin/c++   -fno-exceptions -fno-rtti -DHAVE_CLANG_THREAD_SAFETY   -Wthread-safety -std=c++11 -o CMakeFiles/cmTC_a674f.dir/src.cxx.o -c /mnt/c/Users/78102/yRead/leveldb/build/CMakeFiles/CMakeTmp/src.cxx
c++: error: unrecognized command-line option '-Wthread-safety'
gmake[1]: *** [CMakeFiles/cmTC_a674f.dir/build.make:85: CMakeFiles/cmTC_a674f.dir/src.cxx.o] Error 1
gmake[1]: Leaving directory '/mnt/c/Users/78102/yRead/leveldb/build/CMakeFiles/CMakeTmp'
gmake: *** [Makefile:140: cmTC_a674f/fast] Error 2


Source file was:
int main() { return 0; }
Performing C SOURCE FILE Test CMAKE_HAVE_LIBC_PTHREAD failed with the following output:
Change Dir: /mnt/c/Users/78102/yRead/leveldb/build/CMakeFiles/CMakeTmp

Run Build Command(s):/usr/bin/gmake cmTC_32def/fast && /usr/bin/gmake  -f CMakeFiles/cmTC_32def.dir/build.make CMakeFiles/cmTC_32def.dir/build
gmake[1]: Entering directory '/mnt/c/Users/78102/yRead/leveldb/build/CMakeFiles/CMakeTmp'
Building C object CMakeFiles/cmTC_32def.dir/src.c.o
/usr/bin/cc   -Wstrict-prototypes -DCMAKE_HAVE_LIBC_PTHREAD -std=c11 -o CMakeFiles/cmTC_32def.dir/src.c.o -c /mnt/c/Users/78102/yRead/leveldb/build/CMakeFiles/CMakeTmp/src.c
Linking C executable cmTC_32def
/usr/bin/cmake -E cmake_link_script CMakeFiles/cmTC_32def.dir/link.txt --verbose=1
/usr/bin/cc  -Wstrict-prototypes -DCMAKE_HAVE_LIBC_PTHREAD CMakeFiles/cmTC_32def.dir/src.c.o -o cmTC_32def 
/usr/bin/ld: CMakeFiles/cmTC_32def.dir/src.c.o: in function `main':
src.c:(.text+0x2f): undefined reference to `pthread_create'
/usr/bin/ld: src.c:(.text+0x3b): undefined reference to `pthread_detach'
/usr/bin/ld: src.c:(.text+0x47): undefined reference to `pthread_cancel'
/usr/bin/ld: src.c:(.text+0x58): undefined reference to `pthread_join'
collect2: error: ld returned 1 exit status
gmake[1]: *** [CMakeFiles/cmTC_32def.dir/build.make:106: cmTC_32def] Error 1
gmake[1]: Leaving directory '/mnt/c/Users/78102/yRead/leveldb/build/CMakeFiles/CMakeTmp'
gmake: *** [Makefile:140: cmTC_32def/fast] Error 2


Source file was:
#include <pthread.h>

void* test_func(void* data)
{
  return data;
}

int main(void)
{
  pthread_t thread;
  pthread_create(&thread, NULL, test_func, NULL);
  pthread_detach(thread);
  pthread_cancel(thread);
  pthread_join(thread, NULL);
  pthread_atfork(NULL, NULL, NULL);
  pthread_exit(NULL);

  return 0;
}

Determining if the function pthread_create exists in the pthreads failed with the following output:
Change Dir: /mnt/c/Users/78102/yRead/leveldb/build/CMakeFiles/CMakeTmp

Run Build Command(s):/usr/bin/gmake cmTC_a6eb8/fast && /usr/bin/gmake  -f CMakeFiles/cmTC_a6eb8.dir/build.make CMakeFiles/cmTC_a6eb8.dir/build
gmake[1]: Entering directory '/mnt/c/Users/78102/yRead/leveldb/build/CMakeFiles/CMakeTmp'
Building C object CMakeFiles/cmTC_a6eb8.dir/CheckFunctionExists.c.o
/usr/bin/cc   -Wstrict-prototypes -DCHECK_FUNCTION_EXISTS=pthread_create -std=c11 -o CMakeFiles/cmTC_a6eb8.dir/CheckFunctionExists.c.o -c /usr/share/cmake-3.18/Modules/CheckFunctionExists.c
Linking C executable cmTC_a6eb8
/usr/bin/cmake -E cmake_link_script CMakeFiles/cmTC_a6eb8.dir/link.txt --verbose=1
/usr/bin/cc  -Wstrict-prototypes -DCHECK_FUNCTION_EXISTS=pthread_create CMakeFiles/cmTC_a6eb8.dir/CheckFunctionExists.c.o -o cmTC_a6eb8  -lpthreads 
/usr/bin/ld: cannot find -lpthreads
collect2: error: ld returned 1 exit status
gmake[1]: *** [CMakeFiles/cmTC_a6eb8.dir/build.make:106: cmTC_a6eb8] Error 1
gmake[1]: Leaving directory '/mnt/c/Users/78102/yRead/leveldb/build/CMakeFiles/CMakeTmp'
gmake: *** [Makefile:140: cmTC_a6eb8/fast] Error 2



Performing C++ SOURCE FILE Test HAVE_CXX_FLAG_WSHORTEN_64_TO_32 failed with the following output:
Change Dir: /mnt/c/Users/78102/yRead/leveldb/build/CMakeFiles/CMakeTmp

Run Build Command(s):/usr/bin/gmake cmTC_30391/fast && /usr/bin/gmake  -f CMakeFiles/cmTC_30391.dir/build.make CMakeFiles/cmTC_30391.dir/build
gmake[1]: Entering directory '/mnt/c/Users/78102/yRead/leveldb/build/CMakeFiles/CMakeTmp'
Building CXX object CMakeFiles/cmTC_30391.dir/src.cxx.o
/usr/bin/c++   -fno-exceptions -fno-rtti  -std=c++11  -Wall  -Wextra  -Wshadow  -Wsuggest-override -DHAVE_CXX_FLAG_WSHORTEN_64_TO_32  -Wshorten-64-to-32   -Wshorten-64-to-32 -std=c++11 -o CMakeFiles/cmTC_30391.dir/src.cxx.o -c /mnt/c/Users/78102/yRead/leveldb/build/CMakeFiles/CMakeTmp/src.cxx
c++: error: unrecognized command-line option '-Wshorten-64-to-32'
c++: error: unrecognized command-line option '-Wshorten-64-to-32'
gmake[1]: *** [CMakeFiles/cmTC_30391.dir/build.make:85: CMakeFiles/cmTC_30391.dir/src.cxx.o] Error 1
gmake[1]: Leaving directory '/mnt/c/Users/78102/yRead/leveldb/build/CMakeFiles/CMakeTmp'
gmake: *** [Makefile:140: cmTC_30391/fast] Error 2


Source file was:
int main() { return 0; }
Performing C++ SOURCE FILE Test HAVE_CXX_FLAG_WD654 failed with the following output:
Change Dir: /mnt/c/Users/78102/yRead/leveldb/build/CMakeFiles/CMakeTmp

Run Build Command(s):/usr/bin/gmake cmTC_58fde/fast && /usr/bin/gmake  -f CMakeFiles/cmTC_58fde.dir/build.make CMakeFiles/cmTC_58fde.dir/build
gmake[1]: Entering directory '/mnt/c/Users/78102/yRead/leveldb/build/CMakeFiles/CMakeTmp'
Building CXX object CMakeFiles/cmTC_58fde.dir/src.cxx.o
/usr/bin/c++   -fno-exceptions -fno-rtti  -std=c++11  -Wall  -Wextra  -Wshadow  -Wsuggest-override  -fstrict-aliasing  -Wno-deprecated-declarations  -fno-exceptions  -Wstrict-aliasing -DHAVE_CXX_FLAG_WD654  -wd654   -wd654 -std=c++11 -o CMakeFiles/cmTC_58fde.dir/src.cxx.o -c /mnt/c/Users/78102/yRead/leveldb/build/CMakeFiles/CMakeTmp/src.cxx
c++: error: unrecognized command-line option '-wd654'
c++: error: unrecognized command-line option '-wd654'
gmake[1]: *** [CMakeFiles/cmTC_58fde.dir/build.make:85: CMakeFiles/cmTC_58fde.dir/src.cxx.o] Error 1
gmake[1]: Leaving directory '/mnt/c/Users/78102/yRead/leveldb/build/CMakeFiles/CMakeTmp'
gmake: *** [Makefile:140: cmTC_58fde/fast] Error 2


Source file was:
int main() { return 0; }
Performing C++ SOURCE FILE Test HAVE_CXX_FLAG_WTHREAD_SAFETY failed with the following output:
Change Dir: /mnt/c/Users/78102/yRead/leveldb/build/CMakeFiles/CMakeTmp

Run Build Command(s):/usr/bin/gmake cmTC_7f6fc/fast && /usr/bin/gmake  -f CMakeFiles/cmTC_7f6fc.dir/build.make CMakeFiles/cmTC_7f6fc.dir/build
gmake[1]: Entering directory '/mnt/c/Users/78102/yRead/leveldb/build/CMakeFiles/CMakeTmp'
Building CXX object CMakeFiles/cmTC_7f6fc.dir/src.cxx.o
/usr/bin/c++   -fno-exceptions -fno-rtti  -std=c++11  -Wall  -Wextra  -Wshadow  -Wsuggest-override  -fstrict-aliasing  -Wno-deprecated-declarations  -fno-exceptions  -Wstrict-aliasing -DHAVE_CXX_FLAG_WTHREAD_SAFETY  -Wthread-safety   -Wthread-safety -std=c++11 -o CMakeFiles/cmTC_7f6fc.dir/src.cxx.o -c /mnt/c/Users/78102/yRead/leveldb/build/CMakeFiles/CMakeTmp/src.cxx
c++: error: unrecognized command-line option '-Wthread-safety'
c++: error: unrecognized command-line option '-Wthread-safety'
gmake[1]: *** [CMakeFiles/cmTC_7f6fc.dir/build.make:85: CMakeFiles/cmTC_7f6fc.dir/src.cxx.o] Error 1
gmake[1]: Leaving directory '/mnt/c/Users/78102/yRead/leveldb/build/CMakeFiles/CMakeTmp'
gmake: *** [Makefile:140: cmTC_7f6fc/fast] Error 2


Source file was:
int main() { return 0; }
Determining if the function sqlite3_open exists in the sqlite3 failed with the following output:
Change Dir: /mnt/c/Users/78102/yRead/leveldb/build/CMakeFiles/CMakeTmp

Run Build Command(s):/usr/bin/gmake cmTC_ed729/fast && /usr/bin/gmake  -f CMakeFiles/cmTC_ed729.dir/build.make CMakeFiles/cmTC_ed729.dir/build
gmake[1]: Entering directory '/mnt/c/Users/78102/yRead/leveldb/build/CMakeFiles/CMakeTmp'
Building C object CMakeFiles/cmTC_ed729.dir/CheckFunctionExists.c.o
/usr/bin/cc   -Wstrict-prototypes -DCHECK_FUNCTION_EXISTS=sqlite3_open -std=c11 -o CMakeFiles/cmTC_ed729.dir/CheckFunctionExists.c.o -c /usr/share/cmake-3.18/Modules/CheckFunctionExists.c
Linking C executable cmTC_ed729
/usr/bin/cmake -E cmake_link_script CMakeFiles/cmTC_ed729.dir/link.txt --verbose=1
/usr/bin/cc  -Wstrict-prototypes -DCHECK_FUNCTION_EXISTS=sqlite3_open CMakeFiles/cmTC_ed729.dir/CheckFunctionExists.c.o -o cmTC_ed729  -lsqlite3 
/usr/bin/ld: cannot find -lsqlite3
collect2: error: ld returned 1 exit status
gmake[1]: *** [CMakeFiles/cmTC_ed729.dir/build.make:106: cmTC_ed729] Error 1
gmake[1]: Leaving directory '/mnt/c/Users/78102/yRead/leveldb/build/CMakeFiles/CMakeTmp'
gmake: *** [Makefile:140: cmTC_ed729/fast] Error 2



Performing C++ SOURCE FILE Test HAVE_KYOTOCABINET failed with the following output:
Change Dir: /mnt/c/Users/78102/yRead/leveldb/build/CMakeFiles/CMakeTmp

Run Build Command(s):/usr/bin/gmake cmTC_619b0/fast && /usr/bin/gmake  -f CMakeFiles/cmTC_619b0.dir/build.make CMakeFiles/cmTC_619b0.dir/build
gmake[1]: Entering directory '/mnt/c/Users/78102/yRead/leveldb/build/CMakeFiles/CMakeTmp'
Building CXX object CMakeFiles/cmTC_619b0.dir/src.cxx.o
/usr/bin/c++   -fno-exceptions -fno-rtti -DHAVE_KYOTOCABINET -std=c++11 -o CMakeFiles/cmTC_619b0.dir/src.cxx.o -c /mnt/c/Users/78102/yRead/leveldb/build/CMakeFiles/CMakeTmp/src.cxx
/mnt/c/Users/78102/yRead/leveldb/build/CMakeFiles/CMakeTmp/src.cxx:2:10: fatal error: kcpolydb.h: No such file or directory
    2 | #include <kcpolydb.h>
      |          ^~~~~~~~~~~~
compilation terminated.
gmake[1]: *** [CMakeFiles/cmTC_619b0.dir/build.make:85: CMakeFiles/cmTC_619b0.dir/src.cxx.o] Error 1
gmake[1]: Leaving directory '/mnt/c/Users/78102/yRead/leveldb/build/CMakeFiles/CMakeTmp'
gmake: *** [Makefile:140: cmTC_619b0/fast] Error 2


Source file was:

#include <kcpolydb.h>

int main() {
  kyotocabinet::TreeDB* db = new kyotocabinet::TreeDB();
  delete db;
  return 0;
}
  
